[debug] [2022-04-04T20:28:49.284Z] ----------------------------------------------------------------------
[debug] [2022-04-04T20:28:49.286Z] Command:       /home/gaurav/.nvm/versions/node/v14.18.2/bin/node /usr/bin/firebase deploy
[debug] [2022-04-04T20:28:49.287Z] CLI Version:   10.1.2
[debug] [2022-04-04T20:28:49.287Z] Platform:      linux
[debug] [2022-04-04T20:28:49.287Z] Node Version:  v14.18.2
[debug] [2022-04-04T20:28:49.287Z] Time:          Tue Apr 05 2022 01:58:49 GMT+0530 (India Standard Time)
[debug] [2022-04-04T20:28:49.287Z] ----------------------------------------------------------------------
[debug] 
[debug] [2022-04-04T20:28:49.289Z] >>> [apiv2][query] GET https://firebase-public.firebaseio.com/cli.json [none]
[debug] [2022-04-04T20:28:49.383Z] > command requires scopes: ["email","openid","https://www.googleapis.com/auth/cloudplatformprojects.readonly","https://www.googleapis.com/auth/firebase","https://www.googleapis.com/auth/cloud-platform"]
[debug] [2022-04-04T20:28:49.383Z] > authorizing via signed-in user (gaurav.kataria@mindler.com)
[debug] [2022-04-04T20:28:49.383Z] [iam] checking project olympiad-42b08 for permissions ["firebase.projects.get","firebasehosting.sites.update"]
[debug] [2022-04-04T20:28:49.384Z] > refreshing access token with scopes: ["email","https://www.googleapis.com/auth/cloud-platform","https://www.googleapis.com/auth/cloudplatformprojects.readonly","https://www.googleapis.com/auth/firebase","openid"]
[debug] [2022-04-04T20:28:49.385Z] >>> HTTP REQUEST POST https://www.googleapis.com/oauth2/v3/token  
 <request body omitted>
[debug] [2022-04-04T20:28:49.926Z] <<< HTTP RESPONSE 200 {"pragma":"no-cache","cache-control":"no-cache, no-store, max-age=0, must-revalidate","expires":"Mon, 01 Jan 1990 00:00:00 GMT","date":"Mon, 04 Apr 2022 20:28:49 GMT","content-type":"application/json; charset=utf-8","vary":"X-Origin, Referer, Origin,Accept-Encoding","server":"scaffolding on HTTPServer2","x-xss-protection":"0","x-frame-options":"SAMEORIGIN","x-content-type-options":"nosniff","alt-svc":"h3=\":443\"; ma=2592000,h3-29=\":443\"; ma=2592000,h3-Q050=\":443\"; ma=2592000,h3-Q046=\":443\"; ma=2592000,h3-Q043=\":443\"; ma=2592000,quic=\":443\"; ma=2592000; v=\"46,43\"","accept-ranges":"none","transfer-encoding":"chunked"}
[debug] [2022-04-04T20:28:50.268Z] >>> HTTP REQUEST POST https://cloudresourcemanager.googleapis.com/v1/projects/olympiad-42b08:testIamPermissions  
 {"permissions":["firebase.projects.get","firebasehosting.sites.update"]}
[debug] [2022-04-04T20:28:50.616Z] <<< [apiv2][status] GET https://firebase-public.firebaseio.com/cli.json 200
[debug] [2022-04-04T20:28:50.617Z] <<< [apiv2][body] GET https://firebase-public.firebaseio.com/cli.json {"cloudBuildErrorAfter":1594252800000,"cloudBuildWarnAfter":1590019200000,"defaultNode10After":1594252800000,"minVersion":"3.0.5","node8DeploysDisabledAfter":1613390400000,"node8RuntimeDisabledAfter":1615809600000,"node8WarnAfter":1600128000000}
[debug] [2022-04-04T20:28:52.441Z] <<< HTTP RESPONSE 200 {"content-type":"application/json; charset=UTF-8","vary":"X-Origin, Referer, Origin,Accept-Encoding","date":"Mon, 04 Apr 2022 20:28:52 GMT","server":"ESF","cache-control":"private","x-xss-protection":"0","x-frame-options":"SAMEORIGIN","x-content-type-options":"nosniff","server-timing":"gfet4t7; dur=1357","alt-svc":"h3=\":443\"; ma=2592000,h3-29=\":443\"; ma=2592000,h3-Q050=\":443\"; ma=2592000,h3-Q046=\":443\"; ma=2592000,h3-Q043=\":443\"; ma=2592000,quic=\":443\"; ma=2592000; v=\"46,43\"","accept-ranges":"none","transfer-encoding":"chunked"}
[debug] [2022-04-04T20:28:52.443Z] > refreshing access token with scopes: []
[debug] [2022-04-04T20:28:52.443Z] >>> HTTP REQUEST POST https://www.googleapis.com/oauth2/v3/token  
 <request body omitted>
[debug] [2022-04-04T20:28:52.900Z] <<< HTTP RESPONSE 200 {"expires":"Mon, 01 Jan 1990 00:00:00 GMT","cache-control":"no-cache, no-store, max-age=0, must-revalidate","date":"Mon, 04 Apr 2022 20:28:52 GMT","pragma":"no-cache","content-type":"application/json; charset=utf-8","vary":"X-Origin, Referer, Origin,Accept-Encoding","server":"scaffolding on HTTPServer2","x-xss-protection":"0","x-frame-options":"SAMEORIGIN","x-content-type-options":"nosniff","alt-svc":"h3=\":443\"; ma=2592000,h3-29=\":443\"; ma=2592000,h3-Q050=\":443\"; ma=2592000,h3-Q046=\":443\"; ma=2592000,h3-Q043=\":443\"; ma=2592000,quic=\":443\"; ma=2592000; v=\"46,43\"","accept-ranges":"none","transfer-encoding":"chunked"}
[debug] [2022-04-04T20:28:53.187Z] >>> [apiv2][query] GET https://firebase.googleapis.com/v1beta1/projects/olympiad-42b08 [none]
[debug] [2022-04-04T20:28:54.287Z] <<< [apiv2][status] GET https://firebase.googleapis.com/v1beta1/projects/olympiad-42b08 200
[debug] [2022-04-04T20:28:54.288Z] <<< [apiv2][body] GET https://firebase.googleapis.com/v1beta1/projects/olympiad-42b08 {"projectId":"olympiad-42b08","projectNumber":"709641869189","displayName":"olympiad","name":"projects/olympiad-42b08","resources":{"hostingSite":"olympiad-42b08"},"state":"ACTIVE"}
[info] 
[info] === Deploying to 'olympiad-42b08'...
[info] 
[info] i  deploying hosting 
[debug] [2022-04-04T20:28:54.294Z] > refreshing access token with scopes: ["email","https://www.googleapis.com/auth/cloud-platform","https://www.googleapis.com/auth/cloudplatformprojects.readonly","https://www.googleapis.com/auth/firebase","openid"]
[debug] [2022-04-04T20:28:54.295Z] >>> HTTP REQUEST POST https://www.googleapis.com/oauth2/v3/token  
 <request body omitted>
[debug] [2022-04-04T20:28:54.703Z] <<< HTTP RESPONSE 200 {"pragma":"no-cache","date":"Mon, 04 Apr 2022 20:28:54 GMT","expires":"Mon, 01 Jan 1990 00:00:00 GMT","cache-control":"no-cache, no-store, max-age=0, must-revalidate","content-type":"application/json; charset=utf-8","vary":"X-Origin, Referer, Origin,Accept-Encoding","server":"scaffolding on HTTPServer2","x-xss-protection":"0","x-frame-options":"SAMEORIGIN","x-content-type-options":"nosniff","alt-svc":"h3=\":443\"; ma=2592000,h3-29=\":443\"; ma=2592000,h3-Q050=\":443\"; ma=2592000,h3-Q046=\":443\"; ma=2592000,h3-Q043=\":443\"; ma=2592000,quic=\":443\"; ma=2592000; v=\"46,43\"","accept-ranges":"none","transfer-encoding":"chunked"}
[debug] [2022-04-04T20:28:54.978Z] >>> HTTP REQUEST POST https://firebasehosting.googleapis.com/v1beta1/sites/olympiad-42b08/versions  
 {"config":{"rewrites":[{"glob":"**","path":"/index.html"}]},"labels":{"deployment-tool":"cli-firebase"}}
[debug] [2022-04-04T20:28:57.664Z] <<< HTTP RESPONSE 200 {"content-type":"application/json; charset=UTF-8","vary":"X-Origin, Referer, Origin,Accept-Encoding","date":"Mon, 04 Apr 2022 20:28:57 GMT","server":"ESF","cache-control":"private","x-xss-protection":"0","x-frame-options":"SAMEORIGIN","x-content-type-options":"nosniff","alt-svc":"h3=\":443\"; ma=2592000,h3-29=\":443\"; ma=2592000,h3-Q050=\":443\"; ma=2592000,h3-Q046=\":443\"; ma=2592000,h3-Q043=\":443\"; ma=2592000,quic=\":443\"; ma=2592000; v=\"46,43\"","accept-ranges":"none","transfer-encoding":"chunked"}
[info] i  hosting[olympiad-42b08]: beginning deploy... 
[info] i  hosting[olympiad-42b08]: found 18 files in build 
[debug] [2022-04-04T20:28:59.391Z] > refreshing access token with scopes: []
[debug] [2022-04-04T20:28:59.391Z] >>> HTTP REQUEST POST https://www.googleapis.com/oauth2/v3/token  
 <request body omitted>
[debug] [2022-04-04T20:28:59.393Z] [hosting] hash cache [YnVpbGQ] stored for 18 files
[debug] [2022-04-04T20:28:59.393Z] [hosting][hash queue][FINAL] {"max":1699,"min":10,"avg":159.5,"active":0,"complete":18,"success":18,"errored":0,"retried":0,"total":18,"elapsed":1704}
[debug] [2022-04-04T20:28:59.829Z] <<< HTTP RESPONSE 200 {"pragma":"no-cache","date":"Mon, 04 Apr 2022 20:28:59 GMT","cache-control":"no-cache, no-store, max-age=0, must-revalidate","expires":"Mon, 01 Jan 1990 00:00:00 GMT","content-type":"application/json; charset=utf-8","vary":"X-Origin, Referer, Origin,Accept-Encoding","server":"scaffolding on HTTPServer2","x-xss-protection":"0","x-frame-options":"SAMEORIGIN","x-content-type-options":"nosniff","alt-svc":"h3=\":443\"; ma=2592000,h3-29=\":443\"; ma=2592000,h3-Q050=\":443\"; ma=2592000,h3-Q046=\":443\"; ma=2592000,h3-Q043=\":443\"; ma=2592000,quic=\":443\"; ma=2592000; v=\"46,43\"","accept-ranges":"none","transfer-encoding":"chunked"}
[debug] [2022-04-04T20:29:00.138Z] >>> [apiv2][query] POST https://firebasehosting.googleapis.com/v1beta1/sites/olympiad-42b08/versions/bd1c26af1c13913f:populateFiles [none]
[debug] [2022-04-04T20:29:00.138Z] >>> [apiv2][body] POST https://firebasehosting.googleapis.com/v1beta1/sites/olympiad-42b08/versions/bd1c26af1c13913f:populateFiles {"files":{"/asset-manifest.json":"933e536646c7ced3d0c9ab43f964034ff64f1178e1d1ab2b67b9a6e1dc0e70bd","/index.html":"7ba8ebdab378bc3ec59a45877661e4de894dc340dd7d3493a25c99bb23454745","/logo192.png":"76c449ccb9cd117c2f2338f091b18f7050f3210e249b2228f5c81b23f34377cd","/robots.txt":"2544ca049f223a42bff01f72ad930a5edba75bbb7199d0f8430a02ff5aca16ec","/manifest.json":"62b5a493d56463db9a0361d9baf14d598f3a95e5b5d65b4df70d62302338f719","/logo512.png":"7779210d56c1f3741e2e487799fe3092def4fa6ac450a60532b807c3a8971205","/static/js/main.674c2fa6.js.LICENSE.txt":"1d5aa581e567ce8db468a7faa37e473baf8200c990132a1cda781166578e4fb9","/static/media/face.01e52e70a5edbc321ea3.png":"8c47f7123c232f9ae0cbb059bfd7f23219e09c3dead9939144c51297e9e1e567","/static/media/try_again.2529380b53987b0e099f.jpg":"dc4aac611acde423faeabc52309eb48deef6b800a8adecd4ba33bdc25d0031cf","/static/css/main.2617479f.css":"3b2aac05dec4835753f988dbf373a3686a084d289ee493c77d67e1b4f6d70d9c","/static/media/about-usbanner.c810473bd20163129005.jpg":"2676918e0203d9e4043841f26b288cab36b97a924414b5a958128b5676148d19","/static/media/Logo009_min2.6fc2c3f4db74fa1b79a5.png":"851dd0bb9b96fc6d11dc72472761e324d85c8ddde9aaed5dc4df9f181ee98cf3","/Favicon.ico":"851dd0bb9b96fc6d11dc72472761e324d85c8ddde9aaed5dc4df9f181ee98cf3","/static/css/main.2617479f.css.map":"6afc0821e3ce3861bcefb33346978b2a5bd2c1d5f8ff6da970273d46a9cedc78","/static/media/WhatsApp.svg.8511f459ea4258779b79.png":"4246da6d449c96ef70bd7d348c22226facb55011e3c68391c340c3140ccdedf1","/certificate.png":"2f030d859718f117b50bef9747d7cb306f8737b356b4d45f4e4ccbbf95ccfe14","/static/js/main.674c2fa6.js.map":"c427341f578191ee62f44e836c318163f1f20ece37f3ea13785339912dd9da27","/static/js/main.674c2fa6.js":"e91146d3a638564b708e49c5fbe56aec8cd1d8045b331b6ff4fba4f576274908"}}
[debug] [2022-04-04T20:29:02.274Z] <<< [apiv2][status] POST https://firebasehosting.googleapis.com/v1beta1/sites/olympiad-42b08/versions/bd1c26af1c13913f:populateFiles 200
[debug] [2022-04-04T20:29:02.274Z] <<< [apiv2][body] POST https://firebasehosting.googleapis.com/v1beta1/sites/olympiad-42b08/versions/bd1c26af1c13913f:populateFiles {"uploadRequiredHashes":["933e536646c7ced3d0c9ab43f964034ff64f1178e1d1ab2b67b9a6e1dc0e70bd","6afc0821e3ce3861bcefb33346978b2a5bd2c1d5f8ff6da970273d46a9cedc78","c427341f578191ee62f44e836c318163f1f20ece37f3ea13785339912dd9da27","e91146d3a638564b708e49c5fbe56aec8cd1d8045b331b6ff4fba4f576274908","7ba8ebdab378bc3ec59a45877661e4de894dc340dd7d3493a25c99bb23454745"],"uploadUrl":"https://upload-firebasehosting.googleapis.com/upload/sites/olympiad-42b08/versions/bd1c26af1c13913f/files"}
[debug] [2022-04-04T20:29:02.278Z] >>> [apiv2][query] POST https://upload-firebasehosting.googleapis.com/upload/sites/olympiad-42b08/versions/bd1c26af1c13913f/files/933e536646c7ced3d0c9ab43f964034ff64f1178e1d1ab2b67b9a6e1dc0e70bd [none]
[debug] [2022-04-04T20:29:02.279Z] >>> [apiv2][body] POST https://upload-firebasehosting.googleapis.com/upload/sites/olympiad-42b08/versions/bd1c26af1c13913f/files/933e536646c7ced3d0c9ab43f964034ff64f1178e1d1ab2b67b9a6e1dc0e70bd [stream]
[debug] [2022-04-04T20:29:02.281Z] >>> [apiv2][query] POST https://upload-firebasehosting.googleapis.com/upload/sites/olympiad-42b08/versions/bd1c26af1c13913f/files/6afc0821e3ce3861bcefb33346978b2a5bd2c1d5f8ff6da970273d46a9cedc78 [none]
[debug] [2022-04-04T20:29:02.281Z] >>> [apiv2][body] POST https://upload-firebasehosting.googleapis.com/upload/sites/olympiad-42b08/versions/bd1c26af1c13913f/files/6afc0821e3ce3861bcefb33346978b2a5bd2c1d5f8ff6da970273d46a9cedc78 [stream]
[debug] [2022-04-04T20:29:02.283Z] >>> [apiv2][query] POST https://upload-firebasehosting.googleapis.com/upload/sites/olympiad-42b08/versions/bd1c26af1c13913f/files/c427341f578191ee62f44e836c318163f1f20ece37f3ea13785339912dd9da27 [none]
[debug] [2022-04-04T20:29:02.283Z] >>> [apiv2][body] POST https://upload-firebasehosting.googleapis.com/upload/sites/olympiad-42b08/versions/bd1c26af1c13913f/files/c427341f578191ee62f44e836c318163f1f20ece37f3ea13785339912dd9da27 [stream]
[debug] [2022-04-04T20:29:02.286Z] >>> [apiv2][query] POST https://upload-firebasehosting.googleapis.com/upload/sites/olympiad-42b08/versions/bd1c26af1c13913f/files/e91146d3a638564b708e49c5fbe56aec8cd1d8045b331b6ff4fba4f576274908 [none]
[debug] [2022-04-04T20:29:02.287Z] >>> [apiv2][body] POST https://upload-firebasehosting.googleapis.com/upload/sites/olympiad-42b08/versions/bd1c26af1c13913f/files/e91146d3a638564b708e49c5fbe56aec8cd1d8045b331b6ff4fba4f576274908 [stream]
[debug] [2022-04-04T20:29:02.288Z] >>> [apiv2][query] POST https://upload-firebasehosting.googleapis.com/upload/sites/olympiad-42b08/versions/bd1c26af1c13913f/files/7ba8ebdab378bc3ec59a45877661e4de894dc340dd7d3493a25c99bb23454745 [none]
[debug] [2022-04-04T20:29:02.288Z] >>> [apiv2][body] POST https://upload-firebasehosting.googleapis.com/upload/sites/olympiad-42b08/versions/bd1c26af1c13913f/files/7ba8ebdab378bc3ec59a45877661e4de894dc340dd7d3493a25c99bb23454745 [stream]
[debug] [2022-04-04T20:29:02.289Z] [hosting][populate queue][FINAL] {"max":2887,"min":2887,"avg":2887,"active":0,"complete":1,"success":1,"errored":0,"retried":0,"total":1,"elapsed":2898}
[debug] [2022-04-04T20:29:02.290Z] [hosting] uploads queued: 5
[debug] [2022-04-04T20:29:05.057Z] <<< [apiv2][status] POST https://upload-firebasehosting.googleapis.com/upload/sites/olympiad-42b08/versions/bd1c26af1c13913f/files/933e536646c7ced3d0c9ab43f964034ff64f1178e1d1ab2b67b9a6e1dc0e70bd 200
[debug] [2022-04-04T20:29:05.057Z] <<< [apiv2][body] POST https://upload-firebasehosting.googleapis.com/upload/sites/olympiad-42b08/versions/bd1c26af1c13913f/files/933e536646c7ced3d0c9ab43f964034ff64f1178e1d1ab2b67b9a6e1dc0e70bd [stream]
[debug] [2022-04-04T20:29:06.001Z] <<< [apiv2][status] POST https://upload-firebasehosting.googleapis.com/upload/sites/olympiad-42b08/versions/bd1c26af1c13913f/files/6afc0821e3ce3861bcefb33346978b2a5bd2c1d5f8ff6da970273d46a9cedc78 200
[debug] [2022-04-04T20:29:06.001Z] <<< [apiv2][body] POST https://upload-firebasehosting.googleapis.com/upload/sites/olympiad-42b08/versions/bd1c26af1c13913f/files/6afc0821e3ce3861bcefb33346978b2a5bd2c1d5f8ff6da970273d46a9cedc78 [stream]
[debug] [2022-04-04T20:29:06.062Z] <<< [apiv2][status] POST https://upload-firebasehosting.googleapis.com/upload/sites/olympiad-42b08/versions/bd1c26af1c13913f/files/7ba8ebdab378bc3ec59a45877661e4de894dc340dd7d3493a25c99bb23454745 200
[debug] [2022-04-04T20:29:06.062Z] <<< [apiv2][body] POST https://upload-firebasehosting.googleapis.com/upload/sites/olympiad-42b08/versions/bd1c26af1c13913f/files/7ba8ebdab378bc3ec59a45877661e4de894dc340dd7d3493a25c99bb23454745 [stream]
[debug] [2022-04-04T20:29:14.558Z] <<< [apiv2][status] POST https://upload-firebasehosting.googleapis.com/upload/sites/olympiad-42b08/versions/bd1c26af1c13913f/files/c427341f578191ee62f44e836c318163f1f20ece37f3ea13785339912dd9da27 200
[debug] [2022-04-04T20:29:14.559Z] <<< [apiv2][body] POST https://upload-firebasehosting.googleapis.com/upload/sites/olympiad-42b08/versions/bd1c26af1c13913f/files/c427341f578191ee62f44e836c318163f1f20ece37f3ea13785339912dd9da27 [stream]
